<?xml version="1.0" encoding="UTF-8"?>
<testsuite xmlns:xsi="http://www.w3.org/2001/XMLSchema-instance" xsi:noNamespaceSchemaLocation="https://maven.apache.org/surefire/maven-surefire-plugin/xsd/surefire-test-report.xsd" version="3.0.2" name="com.movieapp.MovieAppApplicationTests" time="13.797" tests="1" errors="0" skipped="0" failures="0">
  <properties>
[...]
</properties>
  <testcase name="contextLoads" classname="com.movieapp.MovieAppApplicationTests" time="0.884">
    <system-out><![CDATA[01:56:23.497 [main] INFO org.springframework.test.context.support.AnnotationConfigContextLoaderUtils -- Could not detect default configuration classes for test class [com.movieapp.MovieAppApplicationTests]: MovieAppApplicationTests does not declare any static, non-private, non-final, nested classes annotated with @Configuration.
01:56:23.685 [main] INFO org.springframework.boot.test.context.SpringBootTestContextBootstrapper -- Found @SpringBootConfiguration com.movieapp.MovieAppApplication for test class com.movieapp.MovieAppApplicationTests
01:56:24.246 [main] INFO org.springframework.boot.devtools.restart.RestartApplicationListener -- Restart disabled due to context in which it is running

  .   ____          _            __ _ _
 /\\ / ___'_ __ _ _(_)_ __  __ _ \ \ \ \
( ( )\___ | '_ | '_| | '_ \/ _` | \ \ \ \
 \\/  ___)| |_)| | | | | || (_| |  ) ) ) )
  '  |____| .__|_| |_|_| |_\__, | / / / /
 =========|_|==============|___/=/_/_/_/

 :: Spring Boot ::                (v3.4.3)

2025-03-11T01:56:24.843+02:00  INFO 50635 --- [MovieApp] [           main] com.movieapp.MovieAppApplicationTests    : Starting MovieAppApplicationTests using Java 17.0.11 with PID 50635 (started by pc in /Users/pc/Desktop/untitled folder 2/Movie-App/BE)
2025-03-11T01:56:24.845+02:00  INFO 50635 --- [MovieApp] [           main] com.movieapp.MovieAppApplicationTests    : No active profile set, falling back to 1 default profile: "default"
2025-03-11T01:56:26.318+02:00  INFO 50635 --- [MovieApp] [           main] .s.d.r.c.RepositoryConfigurationDelegate : Bootstrapping Spring Data JPA repositories in DEFAULT mode.
2025-03-11T01:56:26.436+02:00  INFO 50635 --- [MovieApp] [           main] .s.d.r.c.RepositoryConfigurationDelegate : Finished Spring Data repository scanning in 101 ms. Found 4 JPA repository interfaces.
2025-03-11T01:56:26.826+02:00  INFO 50635 --- [MovieApp] [           main] o.s.cloud.context.scope.GenericScope     : BeanFactory id=456ec749-dba8-317a-8d93-16b3a1971d1b
2025-03-11T01:56:27.724+02:00  INFO 50635 --- [MovieApp] [           main] com.zaxxer.hikari.HikariDataSource       : HikariPool-1 - Starting...
2025-03-11T01:56:28.472+02:00  INFO 50635 --- [MovieApp] [           main] com.zaxxer.hikari.pool.HikariPool        : HikariPool-1 - Added connection oracle.jdbc.driver.T4CConnection@42576db9
2025-03-11T01:56:28.475+02:00  INFO 50635 --- [MovieApp] [           main] com.zaxxer.hikari.HikariDataSource       : HikariPool-1 - Start completed.
2025-03-11T01:56:28.548+02:00  INFO 50635 --- [MovieApp] [           main] org.flywaydb.core.FlywayExecutor         : Database: jdbc:oracle:thin:@localhost:1522:xe (Oracle 21.3)
2025-03-11T01:56:29.088+02:00  INFO 50635 --- [MovieApp] [           main] o.f.core.internal.command.DbValidate     : Successfully validated 3 migrations (execution time 00:00.102s)
2025-03-11T01:56:29.132+02:00  INFO 50635 --- [MovieApp] [           main] o.f.core.internal.command.DbMigrate      : Current version of schema "MOVIE_APP": 3
2025-03-11T01:56:29.143+02:00  INFO 50635 --- [MovieApp] [           main] o.f.core.internal.command.DbMigrate      : Schema "MOVIE_APP" is up to date. No migration necessary.
2025-03-11T01:56:29.318+02:00  INFO 50635 --- [MovieApp] [           main] o.hibernate.jpa.internal.util.LogHelper  : HHH000204: Processing PersistenceUnitInfo [name: default]
2025-03-11T01:56:29.415+02:00  INFO 50635 --- [MovieApp] [           main] org.hibernate.Version                    : HHH000412: Hibernate ORM core version 6.6.8.Final
2025-03-11T01:56:29.471+02:00  INFO 50635 --- [MovieApp] [           main] o.h.c.internal.RegionFactoryInitiator    : HHH000026: Second-level cache disabled
2025-03-11T01:56:29.914+02:00  INFO 50635 --- [MovieApp] [           main] o.s.o.j.p.SpringPersistenceUnitInfo      : No LoadTimeWeaver setup: ignoring JPA class transformer
2025-03-11T01:56:30.110+02:00  INFO 50635 --- [MovieApp] [           main] org.hibernate.orm.connections.pooling    : HHH10001005: Database info:
	Database JDBC URL [Connecting through datasource 'HikariDataSource (HikariPool-1)']
	Database driver: undefined/unknown
	Database version: 21.3
	Autocommit mode: undefined/unknown
	Isolation level: undefined/unknown
	Minimum pool size: undefined/unknown
	Maximum pool size: undefined/unknown
2025-03-11T01:56:31.497+02:00  INFO 50635 --- [MovieApp] [           main] o.h.e.t.j.p.i.JtaPlatformInitiator       : HHH000489: No JTA platform available (set 'hibernate.transaction.jta.platform' to enable JTA platform integration)
2025-03-11T01:56:31.501+02:00  INFO 50635 --- [MovieApp] [           main] j.LocalContainerEntityManagerFactoryBean : Initialized JPA EntityManagerFactory for persistence unit 'default'
2025-03-11T01:56:32.032+02:00  INFO 50635 --- [MovieApp] [           main] r$InitializeUserDetailsManagerConfigurer : Global AuthenticationManager configured with UserDetailsService bean with name userDetailsServiceImpl
2025-03-11T01:56:32.326+02:00  WARN 50635 --- [MovieApp] [           main] JpaBaseConfiguration$JpaWebConfiguration : spring.jpa.open-in-view is enabled by default. Therefore, database queries may be performed during view rendering. Explicitly configure spring.jpa.open-in-view to disable this warning
2025-03-11T01:56:32.476+02:00  INFO 50635 --- [MovieApp] [           main] o.s.d.j.r.query.QueryEnhancerFactory     : Hibernate is in classpath; If applicable, HQL parser will be used.
2025-03-11T01:56:36.081+02:00  INFO 50635 --- [MovieApp] [           main] com.movieapp.MovieAppApplicationTests    : Started MovieAppApplicationTests in 11.856 seconds (process running for 13.666)
]]></system-out>
  </testcase>
</testsuite>